<?xml version="1.0" encoding="UTF-8"?>
<testng-results skipped="0" failed="0" ignored="0" total="1" passed="1">
  <reporter-output>
  </reporter-output>
  <suite name="Default suite" duration-ms="29219" started-at="2017-12-08T15:56:07Z" finished-at="2017-12-08T15:56:37Z">
    <groups>
    </groups>
    <test name="Default test" duration-ms="29219" started-at="2017-12-08T15:56:07Z" finished-at="2017-12-08T15:56:37Z">
      <class name="WindowHandling">
        <test-method status="PASS" signature="getWindows()[pri:0, instance:WindowHandling@47c62251]" name="getWindows" duration-ms="29184" started-at="2017-12-08T21:26:07Z" finished-at="2017-12-08T21:26:37Z">
          <reporter-output>
          </reporter-output>
        </test-method> <!-- getWindows -->
      </class> <!-- WindowHandling -->
    </test> <!-- Default test -->
  </suite> <!-- Default suite -->
</testng-results>
